1556586460806	webdriver::command	WARN	You are using deprecated legacy session negotiation patterns (desiredCapabilities/requiredCapabilities), see https://developer.mozilla.org/en-US/docs/Web/WebDriver/Capabilities#Legacy
1556586460814	mozrunner::runner	INFO	Running command: "C:\\Program Files (x86)\\Mozilla Firefox\\firefox.exe" "-marionette" "-foreground" "-no-remote" "-profile" "C:\\Users\\ZHOUJI~1\\AppData\\Local\\Temp\\rust_mozprofile.wabbriizhlSp"
1556586461499	addons.webextension.screenshots@mozilla.org	WARN	Loading extension 'screenshots@mozilla.org': Reading manifest: Invalid extension permission: mozillaAddons
1556586461500	addons.webextension.screenshots@mozilla.org	WARN	Loading extension 'screenshots@mozilla.org': Reading manifest: Invalid extension permission: resource://pdf.js/
1556586461500	addons.webextension.screenshots@mozilla.org	WARN	Loading extension 'screenshots@mozilla.org': Reading manifest: Invalid extension permission: about:reader*
1556586465939	Marionette	INFO	Listening on port 50901
console.error: BroadcastService: 
  receivedBroadcastMessage: handler for
  remote-settings/monitor_changes
  threw error:
  Message: Error: Polling for changes failed: NetworkError when attempting to fetch resource..
  Stack:
    remoteSettingsFunction/remoteSettings.pollChanges@resource://services-settings/remote-settings.js:190:13

[Child 6700, Chrome_ChildThread] WARNING: pipe error: 109: file z:/build/build/src/ipc/chromium/src/chrome/common/ipc_channel_win.cc, line 332
[Child 6904, Chrome_ChildThread] WARNING: pipe error: 109: file z:/build/build/src/ipc/chromium/src/chrome/common/ipc_channel_win.cc, line 332
[Child 6904, Chrome_ChildThread] WARNING: pipe error: 109: file z:/build/build/src/ipc/chromium/src/chrome/common/ipc_channel_win.cc, line 332
[Child 6488, Chrome_ChildThread] WARNING: pipe error: 109: file z:/build/build/src/ipc/chromium/src/chrome/common/ipc_channel_win.cc, line 332
[Child 6488, Chrome_ChildThread] WARNIN1556586978204	Marionette	INFO	Stopped listening on port 50901
 51038
JavaScript error: https://ss1.bdstatic.com/5eN1bjq8AAUYm2zgoY3K/r/www/cache/static/protocol/https/plugins/every_cookie_4644b13.js, line 4: ReferenceError: c is not defined
console.error: BroadcastService: 
  receivedBroadcastMessage: handler for
  remote-settings/monitor_changes
  threw error:
  Message: Error: Polling for changes failed: NetworkError when attempting to fetch resource..
  Stack:
    remoteSettingsFunction/remoteSettings.pollChanges@resource://services-settings/remote-settings.js:190:13

[Parent 5376, Gecko_IOThread] WARNING: pipe error: 109: file z:/build/build/src/ipc/chromium/src/chrome/common/ipc_channel_win.cc, line 332
JavaScript error: https://cdn.sstatic.net/Js/stub.en.js?v=88e39959793f, line 1: ReferenceError: $ is not defined
JavaScript error: https://stackoverflow.com/questions/43723061/selenium-is-giving-keyerror-sessionid, line 46: TypeError: StackExchange.ready is not a function
JavaScript error: https://cdn.sstatic.net/Js/stub.en.js?v=88e39959793f, line 1: ReferenceError: $ is not defined
JavaScript error: https://stackoverflow.com/questions/43723061/selenium-is-giving-keyerror-sessionid, line 290: TypeError: StackExchange.ready is not a function
JavaScript error: https://stackoverflow.com/questions/43723061/selenium-is-giving-keyerror-sessionid, line 380: TypeError: StackExchange.ready is not a function
JavaScript error: https://stackoverflow.com/questions/43723061/selenium-is-giving-keyerror-sessionid, line 810: TypeError: StackExchange.ifUsing is not a function
JavaScript error: https://stackoverflow.com/questions/43723061/selenium-is-giving-keyerror-sessionid, line 821: TypeError: StackExchange.ready is not a function
JavaScript error: https://stackoverflow.com/questions/43723061/selenium-is-giving-keyerror-sessionid, line 913: TypeError: StackExchange.ready is not a function
JavaScript error: https://stackoverflow.com/questions/43723061/selenium-is-giving-keyerror-sessionid, line 958: TypeError: StackExchange.ready is not a function
JavaScript error: https://stackoverflow.com/questions/43723061/selenium-is-giving-keyerror-sessionid, line 1288: TypeError: StackExchange.ready is not a function
JavaScript error: https://stackoverflow.com/questions/43723061/selenium-is-giving-keyerror-sessionid, line 1504: TypeError: StackExchange.ready is not a function
JavaScript error: https://stackoverflow.com/questions/43723061/selenium-is-giving-keyerror-sessionid, line 1517: TypeError: StackExchange.ready is not a function
[Child 6272, Chrome_ChildThread] WARNING: pipe error: 109: file z:/build/build/src/ipc/chromium/src/chrome/common/ipc_channel_win.cc, line 332
[Child 6272, Chrome_ChildThread] WARNING: pipe error: 109: file z:/build/build/src/ipc/chromium/src/chr[Child 3388, Chrome_ChildThread] WARNING: pipe error: 109: file z:/build/build/src/ipc/chromium/src/chrome/common/ipc_channel_win.cc, line 332
[Child 3388, Chrome_ChildThread] WARNING: pipe error: 109: file z:/build/build/src/ipc/chromium/src/chrome/common/ipc_channel_win.cc, line 332
[1556586746782	Marionette	INFO	Stopped listening on port 51038
1556586964145	webdriver::command	WARN	You are using deprecated legacy session negotiation patterns (desiredCapabilities/requiredCapabilities), see https://developer.mozilla.org/en-US/docs/Web/WebDriver/Capabilities#Legacy
1556586964154	mozrunner::runner	INFO	Running command: "C:\\Program Files (x86)\\Mozilla Firefox\\firefox.exe" "-marionette" "-foreground" "-no-remote" "-profile" "C:\\Users\\ZHOUJI~1\\AppData\\Local\\Temp\\rust_mozprofile.vHZqhZTgg8MQ"
1556586964649	addons.webextension.screenshots@mozilla.org	WARN	Loading extension 'screenshots@mozilla.org': Reading manifest: Invalid extension permission: mozillaAddons
1556586964650	addons.webextension.screenshots@mozilla.org	WARN	Loading extension 'screenshots@mozilla.org': Reading manifest: Invalid extension permission: resource://pdf.js/
1556586964650	addons.webextension.screenshots@mozilla.org	WARN	Loading extension 'screenshots@mozilla.org': Reading manifest: Invalid extension permission: about:reader*
1556586967132	Marionette	INFO	Listening on port 51940
[Child 7268, Chrome_ChildThread] WARNING: pipe error: 109: file z:/build/build/src/ipc/chromium/src/chrome/common/ipc_channel_win.cc, line 332
[Child 7268, Chrome_ChildThread] WARNING: pipe error: 109: file z:/build/build/src/ipc/chromium/src/chrome/common/ipc_channel_win.cc, line 332
[Child 4720, Chrome_ChildThread] WARNING: pipe error: 109: file z:/build/build/src/ipc/chromium/src/chrome/common/ipc_channel_win.cc, line 332
[Child 4720, Chrome_ChildThread] WARNING: pipe error: 109: file z:/build/build/src/ipc/chromium/src/chrome/common/ipc_channel_win.cc, line 332
[Child 6256, Chrome_ChildThread] WA1556586977283	Marionette	INFO	Stopped listening on port 51940
