DEBUG:root:this is a debug log.
INFO:root:this is a info log.
WARNING:root:this is warning log.
ERROR:root:this is error log
CRITICAL:root:this is a critical log.
DEBUG:root:this a debug log
INFO:root:INFO
WARNING:root:WARNING
ERROR:root:ERROR
CRITICAL:root:CRITICAL
2018-09-28 18:13:02,429=====DEBUG++++++this is a debug log.
2018-09-28 18:13:02,445=====INFO++++++this is a info log.
2018-09-28 18:13:02,448=====WARNING++++++this is warning log.
2018-09-28 18:13:02,448=====ERROR++++++this is error log
2018-09-28 18:13:02,448=====CRITICAL++++++this is a critical log.
2018-09-28 18:13:02,460=====DEBUG++++++this a debug log
2018-09-28 18:13:02,460=====INFO++++++INFO
2018-09-28 18:13:02,460=====WARNING++++++WARNING
2018-09-28 18:13:02,460=====ERROR++++++ERROR
2018-09-28 18:13:02,460=====CRITICAL++++++CRITICAL
